[ 2023-08-31 18:00:48,113 ] 20 root - INFO - DATA INGESTION STARTS
[ 2023-08-31 18:00:48,176 ] 24 root - INFO - dataset read as pandas dataframe
[ 2023-08-31 18:00:48,176 ] 25 root - INFO - <bound method NDFrame.head of     Unnamed: 0  Sensor-1  Sensor-2   Sensor-3   Sensor-4  Sensor-5  ...  Sensor-586  Sensor-587  Sensor-588  Sensor-589  Sensor-590  Good/Bad
0            0   2968.33   2476.58  2216.7333  1748.0885    1.1127  ...      2.4069      0.0545      0.0184      0.0055     33.7876         0
1            1   2961.04   2506.43  2170.0666  1364.5157    1.5447  ...      2.3020      0.0545      0.0184      0.0055     33.7876         1
2            2   3072.03   2500.68  2205.7445  1363.1048    1.0518  ...      2.3719      0.0545      0.0184      0.0055     33.7876         0
3            3   3021.83   2419.83  2205.7445  1363.1048    1.0518  ...      2.4923      0.0545      0.0184      0.0055     33.7876         0
4            4   3006.95   2435.34  2189.8111  1084.6502    1.1993  ...      2.8991      0.0545      0.0184      0.0055     33.7876         0
..         ...       ...       ...        ...        ...       ...  ...         ...         ...         ...         ...         ...       ...
95          95   3013.66   2526.44  2185.2111  1141.6306    0.8447  ...      1.5152      0.0153      0.0048      0.0017     31.0176         0
96          96   2982.87   2477.01  2315.2667  2360.1325    1.1259  ...      2.1263      0.0153      0.0048      0.0017     31.0176         1
97          97   3084.82   2387.42  2171.5000  1028.4440    0.7899  ...      2.5865      0.0153      0.0048      0.0017     31.0176         0
98          98   2955.87   2541.89        NaN        NaN       NaN  ...      2.7810      0.0153      0.0048      0.0017     31.0176         0
99          99   2914.86   2465.11  2210.2778  2120.5760    1.0700  ...      2.4064      0.0153      0.0048      0.0017     31.0176         1

[100 rows x 466 columns]>
[ 2023-08-31 18:00:48,553 ] 27 root - INFO - TRAIN TEST SPLIT
[ 2023-08-31 18:00:48,631 ] 31 root - INFO - INGESTION OF DATA COMPLETED
[ 2023-08-31 18:00:48,757 ] 53 root - INFO - missing values independent Unnamed: 0.1    0
Unnamed: 0      0
Sensor-1        1
Sensor-2        0
Sensor-3        1
               ..
Sensor-586      0
Sensor-587      0
Sensor-588      0
Sensor-589      0
Sensor-590      0
Length: 466, dtype: int64
[ 2023-08-31 18:00:48,757 ] 54 root - INFO - missing values dependent 0
[ 2023-08-31 18:00:48,757 ] 55 root - INFO - unique categories1 [0 1]
[ 2023-08-31 18:00:48,757 ] 56 root - INFO - unique categories2 [0 1]
[ 2023-08-31 18:00:48,757 ] 57 root - INFO - unique counts1 Good/Bad
0    29
1     1
Name: count, dtype: int64
[ 2023-08-31 18:00:48,757 ] 58 root - INFO - unique counts2 Good/Bad
0    65
1     5
Name: count, dtype: int64
[ 2023-08-31 18:00:49,791 ] 37 root - INFO - model report {'LogisticRegression': 1.0, 'KNN': 0.9666666666666667, 'RandomForestClassifier': 0.9666666666666667, 'DecisionTreeClassifier': 0.9666666666666667}
[ 2023-08-31 18:00:49,791 ] 45 root - INFO - Exception occured at Model Training
