[ 2023-09-03 11:51:23,047 ] 20 root - INFO - DATA INGESTION STARTS
[ 2023-09-03 11:51:23,085 ] 24 root - INFO - dataset read as pandas dataframe
[ 2023-09-03 11:51:23,085 ] 25 root - INFO - <bound method NDFrame.head of      Unnamed: 0  Sensor-1  Sensor-2   Sensor-3   Sensor-4  Sensor-5  ...  Sensor-586  Sensor-587  Sensor-588  Sensor-589  Sensor-590  Good/Bad
0             0   2968.33   2476.58  2216.7333  1748.0885    1.1127  ...      2.4069      0.0545      0.0184      0.0055     33.7876         0
1             2   3072.03   2500.68  2205.7445  1363.1048    1.0518  ...      2.3719      0.0545      0.0184      0.0055     33.7876         0
2             3   3021.83   2419.83  2205.7445  1363.1048    1.0518  ...      2.4923      0.0545      0.0184      0.0055     33.7876         0
3             4   3006.95   2435.34  2189.8111  1084.6502    1.1993  ...      2.8991      0.0545      0.0184      0.0055     33.7876         0
4             5   3003.72   2537.66  2210.7778  2008.9216    1.1351  ...      3.0647      0.0099      0.0113      0.0038    114.2878         0
..          ...       ...       ...        ...        ...       ...  ...         ...         ...         ...         ...         ...       ...
183          96   2982.87   2477.01  2315.2667  2360.1325    1.1259  ...      2.1263      0.0153      0.0048      0.0017     31.0176         1
184          41   3212.46   2522.41  2200.2333  1173.8377    1.3281  ...      2.6457      0.0117      0.0262      0.0089    223.1018         1
185          96   2982.87   2477.01  2315.2667  2360.1325    1.1259  ...      2.1263      0.0153      0.0048      0.0017     31.0176         1
186          41   3212.46   2522.41  2200.2333  1173.8377    1.3281  ...      2.6457      0.0117      0.0262      0.0089    223.1018         1
187           1   2961.04   2506.43  2170.0666  1364.5157    1.5447  ...      2.3020      0.0545      0.0184      0.0055     33.7876         1

[188 rows x 466 columns]>
[ 2023-09-03 11:51:23,313 ] 27 root - INFO - TRAIN TEST SPLIT
[ 2023-09-03 11:51:23,384 ] 31 root - INFO - INGESTION OF DATA COMPLETED
[ 2023-09-03 11:51:23,481 ] 53 root - INFO - missing values independent Unnamed: 0.1    0
Unnamed: 0      0
Sensor-1        0
Sensor-2        0
Sensor-3        1
               ..
Sensor-586      0
Sensor-587      0
Sensor-588      0
Sensor-589      0
Sensor-590      0
Length: 466, dtype: int64
[ 2023-09-03 11:51:23,481 ] 54 root - INFO - missing values dependent 0
[ 2023-09-03 11:51:23,483 ] 55 root - INFO - unique categories1 [1 0]
[ 2023-09-03 11:51:23,483 ] 56 root - INFO - unique categories2 [1 0]
[ 2023-09-03 11:51:23,484 ] 57 root - INFO - unique counts1 Good/Bad
0    30
1    27
Name: count, dtype: int64
[ 2023-09-03 11:51:23,485 ] 58 root - INFO - unique counts2 Good/Bad
1    67
0    64
Name: count, dtype: int64
[ 2023-09-03 11:51:23,883 ] 37 root - INFO - model report {'KNN': 0.7894736842105263, 'DecisionTreeClassifier': 1.0}
[ 2023-09-03 11:51:23,883 ] 42 root - INFO - best model found, best model is DecisionTreeClassifier with accuracy 1.0
