[ 2023-08-31 16:03:31,354 ] 20 root - INFO - DATA INGESTION STARTS
[ 2023-08-31 16:03:31,401 ] 24 root - INFO - dataset read as pandas dataframe
[ 2023-08-31 16:03:31,401 ] 25 root - INFO - <bound method NDFrame.head of     Unnamed: 0  Sensor-1  Sensor-2   Sensor-3   Sensor-4  Sensor-5  ...  Sensor-586  Sensor-587  Sensor-588  Sensor-589  Sensor-590  Good/Bad
0           55       NaN   2532.45  2191.1333  2197.6570    1.1569  ...      2.2874      0.0133      0.0139      0.0038    104.3034        -1
1           88   3221.21   2391.20  2189.9667  1046.6212    0.8662  ...      2.4860      0.0280      0.0078      0.0022     27.7601        -1
2           26   2951.85   2525.00  2189.5777  1320.3197    1.3459  ...      3.5361      0.0286      0.0154      0.0056     53.8577        -1
3           42   2982.07   2447.06  2199.6334  1242.8420    1.4083  ...      3.0214      0.0117      0.0262      0.0089    223.1018        -1
4           69   3058.08   2524.60  2192.3778  1110.5453    0.8147  ...      3.4352      0.0218      0.0054      0.0020     24.6547        -1
..         ...       ...       ...        ...        ...       ...  ...         ...         ...         ...         ...         ...       ...
75          60   3071.05   2642.15  2200.9889  1054.5240    1.3830  ...      2.7851      0.0122      0.0131      0.0039    107.5257        -1
76          71   3043.18   2545.53  2192.3778  1110.5453    0.8147  ...      2.6253      0.0218      0.0054      0.0020     24.6547        -1
77          14   3001.26   2519.92  2224.6778  1308.6479    1.3907  ...      2.8609      0.0278      0.0135      0.0042     48.4818        -1
78          92   3007.00   2572.62  2213.2111  2070.7147    1.9705  ...      3.4417      0.0195      0.0149      0.0047     76.0035        -1
79          51   3078.77   2533.04  2187.4111  1942.3069    1.1864  ...      4.0733      0.0262      0.0123      0.0033     46.7092        -1

[80 rows x 466 columns]>
[ 2023-08-31 16:03:31,723 ] 27 root - INFO - TRAIN TEST SPLIT
[ 2023-08-31 16:03:31,775 ] 31 root - INFO - INGESTION OF DATA COMPLETED
[ 2023-08-31 16:03:31,910 ] 48 root - INFO - missing values independent Unnamed: 0.1    0
Unnamed: 0      0
Sensor-1        1
Sensor-2        0
Sensor-3        0
               ..
Sensor-586      0
Sensor-587      0
Sensor-588      0
Sensor-589      0
Sensor-590      0
Length: 466, dtype: int64
[ 2023-08-31 16:03:31,910 ] 49 root - INFO - missing values dependent 16
[ 2023-08-31 16:03:32,158 ] 63 root - INFO - ERROR OCCURED IN DATA TRANSFORMATION
